<?xml version="1.0" encoding="UTF-8" ?>
<testsuite tests="5" failures="0" name="com.csgo.service.Test" time="4.585" errors="0" skipped="0">
  <properties>
    <property name="java.vendor" value="Eclipse OpenJ9"/>
    <property name="sun.java.launcher" value="SUN_STANDARD"/>
    <property name="os.name" value="Windows 10"/>
    <property name="sun.boot.class.path" value="C:\Program Files\Java\JDK8\jre\bin\compressedrefs\jclSC180\vm.jar;C:\Program Files\Java\JDK8\jre\lib\se-service.jar;C:\Program Files\Java\JDK8\jre\lib\rt.jar;C:\Program Files\Java\JDK8\jre\lib\resources.jar;C:\Program Files\Java\JDK8\jre\lib\jsse.jar;C:\Program Files\Java\JDK8\jre\lib\charsets.jar;C:\Program Files\Java\JDK8\jre\lib\jce.jar"/>
    <property name="sun.desktop" value="windows"/>
    <property name="java.vm.specification.vendor" value="Oracle Corporation"/>
    <property name="java.runtime.version" value="1.8.0_265-b01"/>
    <property name="user.name" value="Ch1tanda"/>
    <property name="java.compiler" value="j9jit29"/>
    <property name="os.encoding" value="UTF8"/>
    <property name="guice.disable.misplaced.annotation.check" value="true"/>
    <property name="com.ibm.util.extralibs.properties" value=""/>
    <property name="com.ibm.jcl.checkClassPath" value=""/>
    <property name="user.language" value="zh"/>
    <property name="com.ibm.oti.vm.bootstrap.library.path" value="C:\Program Files\Java\JDK8\jre\bin\compressedrefs;C:\Program Files\Java\JDK8\jre\bin"/>
    <property name="idea.version" value="2020.2.3"/>
    <property name="sun.boot.library.path" value="C:\Program Files\Java\JDK8\jre\bin\compressedrefs;C:\Program Files\Java\JDK8\jre\bin"/>
    <property name="classworlds.conf" value="C:\Program Files\Java\apache-maven-3.6.3\bin\m2.conf"/>
    <property name="jdk.extensions.version" value="8.0.265.0"/>
    <property name="java.version" value="1.8.0_265"/>
    <property name="user.timezone" value="Asia/Shanghai"/>
    <property name="com.ibm.system.agent.path" value="C:\Program Files\Java\JDK8\jre\bin"/>
    <property name="sun.arch.data.model" value="64"/>
    <property name="com.ibm.zero.version" value="2"/>
    <property name="java.endorsed.dirs" value="C:\Program Files\Java\JDK8\jre\lib\endorsed"/>
    <property name="com.ibm.oti.vm.library.version" value="29"/>
    <property name="sun.jnu.encoding" value="GB18030"/>
    <property name="file.encoding.pkg" value="sun.io"/>
    <property name="file.separator" value="\"/>
    <property name="java.specification.name" value="Java Platform API Specification"/>
    <property name="maven.conf" value="C:\Program Files\Java\apache-maven-3.6.3/conf"/>
    <property name="java.class.version" value="52.0"/>
    <property name="user.country" value="CN"/>
    <property name="java.home" value="C:\Program Files\Java\JDK8\jre"/>
    <property name="java.vm.info" value="JRE 1.8.0 Windows 10 amd64-64-Bit Compressed References 20200728_776 (JIT enabled, AOT enabled)
OpenJ9   - 34cf4c075
OMR      - 113e54219
JCL      - c82ff0c20f based on jdk8u265-b01"/>
    <property name="os.version" value="10.0"/>
    <property name="java.awt.fonts" value=""/>
    <property name="path.separator" value=";"/>
    <property name="java.vm.version" value="openj9-0.21.0"/>
    <property name="user.variant" value=""/>
    <property name="maven.ext.class.path" value="D:\IntelliJ IDEA 2020.2.3\plugins\maven\lib\maven-event-listener.jar"/>
    <property name="java.awt.printerjob" value="sun.awt.windows.WPrinterJob"/>
    <property name="jdk.extensions.name" value="Extensions for OpenJDK for Eclipse OpenJ9"/>
    <property name="sun.io.unicode.encoding" value="UnicodeLittle"/>
    <property name="awt.toolkit" value="sun.awt.windows.WToolkit"/>
    <property name="ibm.signalhandling.sigint" value="true"/>
    <property name="user.home" value="C:\Users\99784"/>
    <property name="com.ibm.cpu.endian" value="little"/>
    <property name="java.specification.vendor" value="Oracle Corporation"/>
    <property name="ibm.signalhandling.sigchain" value="true"/>
    <property name="java.library.path" value="C:\Program Files\Java\JDK8\jre\bin\compressedrefs;C:\Program Files\Java\JDK8\jre\bin;C:\Windows\system32;C:\Windows;C:\Program Files\Java\JDK8\bin;C:\Windows\system32;C:\Windows;C:\Windows\System32\Wbem;C:\Windows\System32\WindowsPowerShell\v1.0\;C:\Windows\System32\OpenSSH\;C:\Program Files\Java\JDK8\jre\bin;C:\Program Files\Java\apache-maven-3.6.3\bin;C:\Program Files\MySQL\MySQL Server 8.0\bin;C:\Program Files\PuTTY\;C:\Program Files\Java\apache-tomcat-9.0.39\bin;C:\Program Files\Git\cmd;C:\Users\99784\AppData\Local\Microsoft\WindowsApps;C:\Users\99784\AppData\Local\GitHubDesktop\bin;C:\Users\99784\AppData\Local\Programs\Microsoft VS Code\bin;."/>
    <property name="java.vendor.url" value="http://www.eclipse.org/openj9"/>
    <property name="java.vm.vendor" value="Eclipse OpenJ9"/>
    <property name="java.fullversion" value="1.8.0_265-b01
JRE 1.8.0 Windows 10 amd64-64-Bit Compressed References 20200728_776 (JIT enabled, AOT enabled)
OpenJ9   - 34cf4c075
OMR      - 113e54219
JCL      - c82ff0c20f based on jdk8u265-b01"/>
    <property name="maven.home" value="C:\Program Files\Java\apache-maven-3.6.3"/>
    <property name="java.runtime.name" value="OpenJDK Runtime Environment"/>
    <property name="sun.java.command" value="org.codehaus.classworlds.Launcher -Didea.version=2020.2.3 package"/>
    <property name="java.class.path" value="C:\Program Files\Java\apache-maven-3.6.3\boot\plexus-classworlds-2.6.0.jar;C:\Program Files\Java\apache-maven-3.6.3\boot\plexus-classworlds.license;D:\IntelliJ IDEA 2020.2.3\lib\idea_rt.jar;D:\IntelliJ IDEA 2020.2.3\lib\idea_rt.jar"/>
    <property name="java.vm.specification.name" value="Java Virtual Machine Specification"/>
    <property name="java.vm.specification.version" value="1.8"/>
    <property name="sun.cpu.endian" value="little"/>
    <property name="java.io.tmpdir" value="C:\Users\99784\AppData\Local\Temp\"/>
    <property name="maven.multiModuleProjectDirectory" value="D:\csgo"/>
    <property name="ibm.system.encoding" value="GB18030"/>
    <property name="os.arch" value="amd64"/>
    <property name="java.awt.graphicsenv" value="sun.awt.Win32GraphicsEnvironment"/>
    <property name="ibm.signalhandling.rs" value="false"/>
    <property name="java.ext.dirs" value="C:\Program Files\Java\JDK8\jre\lib\ext"/>
    <property name="user.dir" value="D:\csgo"/>
    <property name="line.separator" value="
"/>
    <property name="java.vm.name" value="Eclipse OpenJ9 VM"/>
    <property name="com.ibm.oti.shared.enabled" value="false"/>
    <property name="com.ibm.vm.bitmode" value="64"/>
    <property name="file.encoding" value="UTF-8"/>
    <property name="com.ibm.oti.configuration" value="scar"/>
    <property name="java.specification.version" value="1.8"/>
  </properties>
  <testcase classname="com.csgo.service.Test" name="registerTest" time="2.055"/>
  <testcase classname="com.csgo.service.Test" name="findAll" time="0.67"/>
  <testcase classname="com.csgo.service.Test" name="findById" time="0.59"/>
  <testcase classname="com.csgo.service.Test" name="findUserByUsername" time="0.55"/>
  <testcase classname="com.csgo.service.Test" name="updateTest" time="0.72"/>
</testsuite>